<?xml version="1.0" encoding="UTF-8"?>
<testng-results ignored="0" total="1" passed="1" failed="0" skipped="0">
  <reporter-output>
  </reporter-output>
  <suite started-at="2022-11-01T21:10:43 CDT" name="Surefire suite" finished-at="2022-11-01T21:10:51 CDT" duration-ms="7951">
    <groups>
    </groups>
    <test started-at="2022-11-01T21:10:43 CDT" name="Surefire test" finished-at="2022-11-01T21:10:51 CDT" duration-ms="7951">
      <class name="com.BankingProject.TestCases.TestCase_LoginTest_001">
        <test-method is-config="true" signature="Setup()[pri:0, instance:com.BankingProject.TestCases.TestCase_LoginTest_001@709ba3fb]" started-at="2022-11-01T21:10:43 CDT" name="Setup" finished-at="2022-11-01T21:10:48 CDT" duration-ms="4803" status="PASS">
          <reporter-output>
          </reporter-output>
        </test-method> <!-- Setup -->
        <test-method signature="LoginTest()[pri:0, instance:com.BankingProject.TestCases.TestCase_LoginTest_001@709ba3fb]" started-at="2022-11-01T21:10:48 CDT" name="LoginTest" finished-at="2022-11-01T21:10:51 CDT" duration-ms="2944" status="PASS">
          <reporter-output>
          </reporter-output>
        </test-method> <!-- LoginTest -->
        <test-method is-config="true" signature="TearDown()[pri:0, instance:com.BankingProject.TestCases.TestCase_LoginTest_001@709ba3fb]" started-at="2022-11-01T21:10:51 CDT" name="TearDown" finished-at="2022-11-01T21:10:51 CDT" duration-ms="174" status="PASS">
          <reporter-output>
          </reporter-output>
        </test-method> <!-- TearDown -->
      </class> <!-- com.BankingProject.TestCases.TestCase_LoginTest_001 -->
    </test> <!-- Surefire test -->
  </suite> <!-- Surefire suite -->
</testng-results>
