<?xml version="1.0" encoding="UTF-8"?>
<testng-results skipped="0" failed="0" ignored="0" total="1" passed="1">
  <reporter-output>
  </reporter-output>
  <suite name="Surefire suite" duration-ms="7873" started-at="2022-10-30T14:36:12 CDT" finished-at="2022-10-30T14:36:20 CDT">
    <groups>
    </groups>
    <test name="Surefire test" duration-ms="7873" started-at="2022-10-30T14:36:12 CDT" finished-at="2022-10-30T14:36:20 CDT">
      <class name="com.BankingProject.TestCases.TestCase_LoginTest_001">
        <test-method status="PASS" signature="Setup()[pri:0, instance:com.BankingProject.TestCases.TestCase_LoginTest_001@48503868]" name="Setup" is-config="true" duration-ms="3580" started-at="2022-10-30T14:36:12 CDT" finished-at="2022-10-30T14:36:16 CDT">
          <reporter-output>
          </reporter-output>
        </test-method> <!-- Setup -->
        <test-method status="PASS" signature="LoginTest()[pri:0, instance:com.BankingProject.TestCases.TestCase_LoginTest_001@48503868]" name="LoginTest" duration-ms="3579" started-at="2022-10-30T14:36:16 CDT" finished-at="2022-10-30T14:36:19 CDT">
          <reporter-output>
          </reporter-output>
        </test-method> <!-- LoginTest -->
        <test-method status="PASS" signature="TearDown()[pri:0, instance:com.BankingProject.TestCases.TestCase_LoginTest_001@48503868]" name="TearDown" is-config="true" duration-ms="679" started-at="2022-10-30T14:36:19 CDT" finished-at="2022-10-30T14:36:20 CDT">
          <reporter-output>
          </reporter-output>
        </test-method> <!-- TearDown -->
      </class> <!-- com.BankingProject.TestCases.TestCase_LoginTest_001 -->
    </test> <!-- Surefire test -->
  </suite> <!-- Surefire suite -->
</testng-results>
